<?xml version="1.0" encoding="UTF-8"?>
<testsuite xmlns:xsi="http://www.w3.org/2001/XMLSchema-instance" xsi:noNamespaceSchemaLocation="https://maven.apache.org/surefire/maven-surefire-plugin/xsd/surefire-test-report-3.0.xsd" version="3.0" name="io.github.bonigarcia.CucumberTest" time="22.553" tests="3" errors="0" skipped="0" failures="0">
  <properties>
[...]
</properties>
  <testcase name="Search for a book by title" classname="Book Search on Online Library" time="6.673">
    <system-out><![CDATA[2025-03-14 18:25:27 [main] DEBUG i.g.bonigarcia.wdm.WebDriverManager.<init>(221) - Using WebDriverManager 5.9.3
2025-03-14 18:25:27 [main] DEBUG i.g.b.wdm.cache.ResolutionCache.checkKeyInResolutionCache(186) - Resolution firefox=136 in cache (valid until 19:20:41 14/03/2025 WET)
2025-03-14 18:25:27 [main] DEBUG i.g.b.wdm.cache.ResolutionCache.checkKeyInResolutionCache(186) - Resolution firefox136=0.36.0 in cache (valid until 18:20:41 15/03/2025 WET)
2025-03-14 18:25:27 [main] INFO  i.g.bonigarcia.wdm.WebDriverManager.resolveDriverVersion(1214) - Using geckodriver 0.36.0 (resolved driver for Firefox 136)
2025-03-14 18:25:27 [main] DEBUG i.g.bonigarcia.wdm.WebDriverManager.manage(1173) - Driver geckodriver 0.36.0 found in cache
2025-03-14 18:25:27 [main] INFO  i.g.bonigarcia.wdm.WebDriverManager.exportDriver(1276) - Exporting webdriver.gecko.driver as C:\Users\joaov\.cache\selenium\geckodriver\win64\0.36.0\geckodriver.exe
]]></system-out>
    <system-err><![CDATA[1741976728137	geckodriver	INFO	Listening on 127.0.0.1:28781
1741976728351	mozrunner::runner	INFO	Running command: "C:\\Program Files\\Mozilla Firefox\\firefox.exe" "--marionette" "--remote-debugging-port" "44653" "--remote ... localhost:44653/,http://[::1]:44653/" "-no-remote" "-profile" "C:\\Users\\joaov\\AppData\\Local\\Temp\\rust_mozprofileX1YWP1"
console.warn: services.settings: Ignoring preference override of remote settings server
console.warn: services.settings: Allow by setting MOZ_REMOTE_SETTINGS_DEVTOOLS=1 in the environment
Dynamically enable window occlusion 0
1741976728688	Marionette	INFO	Marionette enabled
1741976728825	Marionette	INFO	Listening on port 52089
WebDriver BiDi listening on ws://127.0.0.1:44653
Read port: 52089
1741976728944	RemoteAgent	WARN	TLS certificate errors will be ignored for this session
1741976733278	Marionette	INFO	Stopped listening on port 52089
Dynamically enable window occlusion 1
]]></system-err>
  </testcase>
  <testcase name="Search for books by author" classname="Book Search on Online Library" time="5.372">
    <system-out><![CDATA[2025-03-14 18:25:33 [main] DEBUG i.g.bonigarcia.wdm.WebDriverManager.<init>(221) - Using WebDriverManager 5.9.3
2025-03-14 18:25:34 [main] DEBUG i.g.b.wdm.cache.ResolutionCache.checkKeyInResolutionCache(186) - Resolution firefox=136 in cache (valid until 19:20:41 14/03/2025 WET)
2025-03-14 18:25:34 [main] DEBUG i.g.b.wdm.cache.ResolutionCache.checkKeyInResolutionCache(186) - Resolution firefox136=0.36.0 in cache (valid until 18:20:41 15/03/2025 WET)
2025-03-14 18:25:34 [main] INFO  i.g.bonigarcia.wdm.WebDriverManager.resolveDriverVersion(1214) - Using geckodriver 0.36.0 (resolved driver for Firefox 136)
2025-03-14 18:25:34 [main] DEBUG i.g.bonigarcia.wdm.WebDriverManager.manage(1173) - Driver geckodriver 0.36.0 found in cache
2025-03-14 18:25:34 [main] INFO  i.g.bonigarcia.wdm.WebDriverManager.exportDriver(1276) - Exporting webdriver.gecko.driver as C:\Users\joaov\.cache\selenium\geckodriver\win64\0.36.0\geckodriver.exe
]]></system-out>
    <system-err><![CDATA[1741976734048	geckodriver	INFO	Listening on 127.0.0.1:3953
1741976734079	mozrunner::runner	INFO	Running command: "C:\\Program Files\\Mozilla Firefox\\firefox.exe" "--marionette" "--remote-debugging-port" "13611" "--remote ... localhost:13611/,http://[::1]:13611/" "-no-remote" "-profile" "C:\\Users\\joaov\\AppData\\Local\\Temp\\rust_mozprofileggvRJl"
console.warn: services.settings: Ignoring preference override of remote settings server
console.warn: services.settings: Allow by setting MOZ_REMOTE_SETTINGS_DEVTOOLS=1 in the environment
Dynamically enable window occlusion 0
1741976734382	Marionette	INFO	Marionette enabled
1741976734518	Marionette	INFO	Listening on port 49909
WebDriver BiDi listening on ws://127.0.0.1:13611
Read port: 49909
1741976734636	RemoteAgent	WARN	TLS certificate errors will be ignored for this session
1741976738654	Marionette	INFO	Stopped listening on port 49909
Dynamically enable window occlusion 1
]]></system-err>
  </testcase>
  <testcase name="Search for a book that does not exist" classname="Book Search on Online Library" time="10.39">
    <system-out><![CDATA[2025-03-14 18:25:39 [main] DEBUG i.g.bonigarcia.wdm.WebDriverManager.<init>(221) - Using WebDriverManager 5.9.3
2025-03-14 18:25:39 [main] DEBUG i.g.b.wdm.cache.ResolutionCache.checkKeyInResolutionCache(186) - Resolution firefox=136 in cache (valid until 19:20:41 14/03/2025 WET)
2025-03-14 18:25:39 [main] DEBUG i.g.b.wdm.cache.ResolutionCache.checkKeyInResolutionCache(186) - Resolution firefox136=0.36.0 in cache (valid until 18:20:41 15/03/2025 WET)
2025-03-14 18:25:39 [main] INFO  i.g.bonigarcia.wdm.WebDriverManager.resolveDriverVersion(1214) - Using geckodriver 0.36.0 (resolved driver for Firefox 136)
2025-03-14 18:25:39 [main] DEBUG i.g.bonigarcia.wdm.WebDriverManager.manage(1173) - Driver geckodriver 0.36.0 found in cache
2025-03-14 18:25:39 [main] INFO  i.g.bonigarcia.wdm.WebDriverManager.exportDriver(1276) - Exporting webdriver.gecko.driver as C:\Users\joaov\.cache\selenium\geckodriver\win64\0.36.0\geckodriver.exe
]]></system-out>
    <system-err><![CDATA[1741976739417	geckodriver	INFO	Listening on 127.0.0.1:19136
1741976739447	mozrunner::runner	INFO	Running command: "C:\\Program Files\\Mozilla Firefox\\firefox.exe" "--marionette" "--remote-debugging-port" "10366" "--remote ... localhost:10366/,http://[::1]:10366/" "-no-remote" "-profile" "C:\\Users\\joaov\\AppData\\Local\\Temp\\rust_mozprofiles4SRgb"
console.warn: services.settings: Ignoring preference override of remote settings server
console.warn: services.settings: Allow by setting MOZ_REMOTE_SETTINGS_DEVTOOLS=1 in the environment
Dynamically enable window occlusion 0
1741976739746	Marionette	INFO	Marionette enabled
1741976739881	Marionette	INFO	Listening on port 49961
WebDriver BiDi listening on ws://127.0.0.1:10366
Read port: 49961
1741976740001	RemoteAgent	WARN	TLS certificate errors will be ignored for this session
1741976748638	Marionette	INFO	Stopped listening on port 49961
JavaScript warning: https://m.stripe.network/out-4.5.44.js, line 1: Script terminated by timeout at:
O@https://m.stripe.network/out-4.5.44.js:1:54576
t@https://m.stripe.network/out-4.5.44.js:1:53731

Dynamically enable window occlusion 1
]]></system-err>
  </testcase>
</testsuite>