<?xml version="1.0" encoding="UTF-8"?>
<testsuite xmlns:xsi="http://www.w3.org/2001/XMLSchema-instance" xsi:noNamespaceSchemaLocation="https://maven.apache.org/surefire/maven-surefire-plugin/xsd/surefire-test-report.xsd" version="3.0.2" name="com.example.TqsStackTest" time="0.073" tests="9" errors="0" skipped="0" failures="0">
  <properties>
[...]
</properties>
  <testcase name="testPushFullStack" classname="com.example.TqsStackTest" time="0.029"/>
  <testcase name="testPop" classname="com.example.TqsStackTest" time="0.002"/>
  <testcase name="testPushN" classname="com.example.TqsStackTest" time="0.001"/>
  <testcase name="testSize0" classname="com.example.TqsStackTest" time="0.002"/>
  <testcase name="testPeek" classname="com.example.TqsStackTest" time="0.001"/>
  <testcase name="testPopN" classname="com.example.TqsStackTest" time="0.001"/>
  <testcase name="testPoppingNoSuchElementException" classname="com.example.TqsStackTest" time="0.002"/>
  <testcase name="testPeekingNoSuchElementException" classname="com.example.TqsStackTest" time="0.002"/>
  <testcase name="testIsEmpty" classname="com.example.TqsStackTest" time="0.001"/>
</testsuite>